#
# A fatal error has been detected by the Java Runtime Environment:
#
#  EXCEPTION_ACCESS_VIOLATION (0xc0000005) at pc=0x00007ffcd90878b0, pid=2920, tid=0x00000000000031d8
#
# JRE version: Java(TM) SE Runtime Environment (8.0_202-b08) (build 1.8.0_202-b08)
# Java VM: Java HotSpot(TM) 64-Bit Server VM (25.202-b08 mixed mode windows-amd64 compressed oops)
# Problematic frame:
# C  [glass.dll+0x278b0]
#
# Failed to write core dump. Minidumps are not enabled by default on client versions of Windows
#
# If you would like to submit a bug report, please visit:
#   http://bugreport.java.com/bugreport/crash.jsp
#

---------------  T H R E A D  ---------------

Current thread (0x0000000017938000):  VMThread [stack: 0x00000000189c0000,0x0000000018ac0000] [id=12760]

siginfo: ExceptionCode=0xc0000005, reading address 0x0000000000000000

Registers:
RAX=0x0000000000000000, RBX=0x0000000019b11450, RCX=0x0000000017938000, RDX=0x000000005f2624e8
RSP=0x0000000018abeeb0, RBP=0x0000000000f91de8, RSI=0x0000000018abefc8, RDI=0x0000000000f91dc0
R8 =0x0000000000010002, R9 =0x0000000000f91dc0, R10=0x85f13e9656da4870, R11=0x0000000018abee50
R12=0x00007ffcd90848dc, R13=0x0000000002e11658, R14=0x00007b4dff2d7eeb, R15=0x0000000000f91dc0
RIP=0x00007ffcd90878b0, EFLAGS=0x0000000000010202

Top of Stack: (sp=0x0000000018abeeb0)
0x0000000018abeeb0:   0000000000000000 00007ffd154537eb
0x0000000018abeec0:   0000000000f91dd0 0000000018abefc8
0x0000000018abeed0:   fffffffffffffffe 00007ffcd90848dc
0x0000000018abeee0:   0000000000f91dc8 00007ffd15493a83
0x0000000018abeef0:   0000e8ce25750703 0000000000000000
0x0000000018abef00:   0000000000f91de8 0000000018abefc8
0x0000000018abef10:   fffffffffffffffe 0000000000000000
0x0000000018abef20:   0000000000000001 00007ffcd9060000
0x0000000018abef30:   0000000018abefb8 00007ffd1546006e
0x0000000018abef40:   0000000000000000 0000000018abefc8
0x0000000018abef50:   0000000017845400 0000000000000001
0x0000000018abef60:   0000000000000000 00007ffd1545da1d
0x0000000018abef70:   0000000000000000 00007ffcd9083f85
0x0000000018abef80:   0000000000000000 0000000018abefb8
0x0000000018abef90:   fffffffffffffffe 00007ffd17d56627
0x0000000018abefa0:   0000000000000000 00007ffcd9084752 

Instructions: (pc=0x00007ffcd90878b0)
0x00007ffcd9087890:   40 53 48 83 ec 30 48 c7 44 24 20 fe ff ff ff 48
0x00007ffcd90878a0:   8b 1d 7a 72 01 00 48 85 db 74 16 e8 00 81 ff ff
0x00007ffcd90878b0:   4c 8b 00 48 8b d3 48 8b c8 41 ff 90 b0 00 00 00
0x00007ffcd90878c0:   90 48 83 c4 30 5b c3 cc cc cc cc cc cc cc cc cc 


Register to memory mapping:

RAX=0x0000000000000000 is an unknown value
RBX=0x0000000019b11450 is a global jni handle
RCX=0x0000000017938000 is an unknown value
RDX=0x000000005f2624e8 is an unknown value
RSP=0x0000000018abeeb0 is an unknown value
RBP=0x0000000000f91de8 is an unknown value
RSI=0x0000000018abefc8 is an unknown value
RDI=0x0000000000f91dc0 is an unknown value
R8 =0x0000000000010002 is an unknown value
R9 =0x0000000000f91dc0 is an unknown value
R10=0x85f13e9656da4870 is an unknown value
R11=0x0000000018abee50 is an unknown value
R12=0x00007ffcd90848dc is an unknown value
R13=0x0000000002e11658 is an unknown value
R14=0x00007b4dff2d7eeb is an unknown value
R15=0x0000000000f91dc0 is an unknown value


Stack: [0x00000000189c0000,0x0000000018ac0000],  sp=0x0000000018abeeb0,  free space=1019k
Native frames: (J=compiled Java code, j=interpreted, Vv=VM code, C=native code)
C  [glass.dll+0x278b0]
C  [ucrtbase.dll+0x53a83]
C  [ucrtbase.dll+0x2006e]
C  [ucrtbase.dll+0x1da1d]
C  [glass.dll+0x24752]
C  [glass.dll+0x24850]
C  [ntdll.dll+0x2868f]
C  [ntdll.dll+0x51096]
C  [ntdll.dll+0x50c8d]
C  [KERNEL32.DLL+0x182ab]
C  [msvcr100.dll+0x20ccd]
V  [jvm.dll+0x214045]
V  [jvm.dll+0x24d5d7]
V  [jvm.dll+0x24c876]
V  [jvm.dll+0x24cd11]
V  [jvm.dll+0x24cf2e]
V  [jvm.dll+0x29fc6a]
C  [msvcr100.dll+0x21d9f]
C  [msvcr100.dll+0x21e3b]
C  [KERNEL32.DLL+0x126ad]
C  [ntdll.dll+0x5a9f8]

VM_Operation (0x000000002277f540): Exit, mode: safepoint, requested by thread 0x0000000019274000


---------------  P R O C E S S  ---------------

Java Threads: ( => current thread )
  0x0000000019274000 JavaThread "SIGINT handler" daemon [_thread_blocked, id=3368, stack(0x0000000022680000,0x0000000022780000)]
  0x0000000019270000 JavaThread "Keep-Alive-Timer" daemon [_thread_blocked, id=8184, stack(0x00000000010f0000,0x00000000011f0000)]
  0x0000000019c30800 JavaThread "Prism Font Disposer" daemon [_thread_blocked, id=12088, stack(0x0000000020ee0000,0x0000000020fe0000)]
  0x0000000019ae7800 JavaThread "Thread-3" daemon [_thread_in_native, id=12880, stack(0x000000001f3e0000,0x000000001f4e0000)]
  0x0000000019aad000 JavaThread "JavaFX-Launcher" [_thread_blocked, id=15312, stack(0x000000001f4e0000,0x000000001f5e0000)]
  0x0000000019a9c000 JavaThread "JavaFX Application Thread" [_thread_in_native, id=14892, stack(0x000000001a800000,0x000000001a900000)]
  0x0000000019a3a800 JavaThread "Thread-1" daemon [_thread_blocked, id=12128, stack(0x000000001a700000,0x000000001a800000)]
  0x0000000019116000 JavaThread "Service Thread" daemon [_thread_blocked, id=16128, stack(0x00000000197f0000,0x00000000198f0000)]
  0x0000000019074000 JavaThread "C1 CompilerThread2" daemon [_thread_blocked, id=16060, stack(0x00000000196f0000,0x00000000197f0000)]
  0x0000000019073800 JavaThread "C2 CompilerThread1" daemon [_thread_blocked, id=10372, stack(0x00000000195f0000,0x00000000196f0000)]
  0x0000000019072800 JavaThread "C2 CompilerThread0" daemon [_thread_blocked, id=4448, stack(0x00000000194f0000,0x00000000195f0000)]
  0x00000000179ce000 JavaThread "Monitor Ctrl-Break" daemon [_thread_in_native, id=3232, stack(0x00000000193f0000,0x00000000194f0000)]
  0x0000000017978800 JavaThread "Attach Listener" daemon [_thread_blocked, id=11168, stack(0x0000000018ef0000,0x0000000018ff0000)]
  0x0000000017977000 JavaThread "Signal Dispatcher" daemon [_thread_blocked, id=7472, stack(0x0000000018df0000,0x0000000018ef0000)]
  0x000000001795b000 JavaThread "Finalizer" daemon [_thread_blocked, id=13160, stack(0x0000000018bc0000,0x0000000018cc0000)]
  0x0000000003015800 JavaThread "Reference Handler" daemon [_thread_blocked, id=1756, stack(0x0000000018ac0000,0x0000000018bc0000)]
  0x0000000002f23800 JavaThread "main" [_thread_blocked, id=11000, stack(0x0000000002c20000,0x0000000002d20000)]

Other Threads:
=>0x0000000017938000 VMThread [stack: 0x00000000189c0000,0x0000000018ac0000] [id=12760]

VM state:at safepoint (shutting down)

VM Mutex/Monitor currently owned by a thread:  ([mutex/lock_event])
[0x0000000002f20250] Threads_lock - owner thread: 0x0000000017938000

heap address: 0x0000000084e00000, size: 1970 MB, Compressed Oops mode: 32-bit
Narrow klass base: 0x0000000000000000, Narrow klass shift: 3
Compressed class space size: 1073741824 Address: 0x0000000100000000

Heap:
 PSYoungGen      total 36864K, used 28903K [0x00000000d6f80000, 0x00000000d9880000, 0x0000000100000000)
  eden space 31744K, 91% used [0x00000000d6f80000,0x00000000d8bb9d20,0x00000000d8e80000)
  from space 5120K, 0% used [0x00000000d8e80000,0x00000000d8e80000,0x00000000d9380000)
  to   space 5120K, 0% used [0x00000000d9380000,0x00000000d9380000,0x00000000d9880000)
 ParOldGen       total 52736K, used 14264K [0x0000000084e00000, 0x0000000088180000, 0x00000000d6f80000)
  object space 52736K, 27% used [0x0000000084e00000,0x0000000085bee2d0,0x0000000088180000)
 Metaspace       used 22050K, capacity 23118K, committed 23296K, reserved 1069056K
  class space    used 3005K, capacity 3240K, committed 3328K, reserved 1048576K

Card table byte_map: [0x00000000123e0000,0x00000000127c0000] byte_map_base: 0x0000000011fb9000

Marking Bits: (ParMarkBitMap*) 0x000000005f455ce0
 Begin Bits: [0x0000000012e60000, 0x0000000014d28000)
 End Bits:   [0x0000000014d28000, 0x0000000016bf0000)

Polling page: 0x0000000001260000

CodeCache: size=245760Kb used=9013Kb max_used=9205Kb free=236746Kb
 bounds [0x0000000003020000, 0x0000000003940000, 0x0000000012020000]
 total_blobs=3534 nmethods=2813 adapters=633
 compilation: enabled

Compilation events (10 events):
Event: 81.152 Thread 0x0000000019074000 3030       3       jdk.internal.org.objectweb.asm.ClassWriter::visit (121 bytes)
Event: 81.153 Thread 0x0000000019074000 nmethod 3030 0x00000000032a74d0 code [0x00000000032a76a0, 0x00000000032a7d98]
Event: 81.153 Thread 0x0000000019074000 3026       3       java.lang.invoke.MethodHandles$Lookup::getDirectMethodNoSecurityManager (12 bytes)
Event: 81.153 Thread 0x0000000019074000 nmethod 3026 0x00000000031ac990 code [0x00000000031acb00, 0x00000000031acca8]
Event: 81.153 Thread 0x0000000019074000 3027   !   3       java.lang.invoke.MethodHandles$Lookup::canBeCached (146 bytes)
Event: 81.156 Thread 0x0000000019074000 nmethod 3027 0x000000000321fd90 code [0x0000000003220200, 0x0000000003223408]
Event: 81.157 Thread 0x0000000019074000 3028       1       java.util.concurrent.atomic.AtomicInteger::get (5 bytes)
Event: 81.157 Thread 0x0000000019074000 nmethod 3028 0x00000000032e9c90 code [0x00000000032e9de0, 0x00000000032e9ef0]
Event: 81.157 Thread 0x0000000019074000 3029       3       jdk.internal.org.objectweb.asm.ClassVisitor::<init> (35 bytes)
Event: 81.157 Thread 0x0000000019074000 nmethod 3029 0x00000000032e8890 code [0x00000000032e8a00, 0x00000000032e8d08]

GC Heap History (8 events):
Event: 1.277 GC heap before
{Heap before GC invocations=1 (full 0):
 PSYoungGen      total 36864K, used 31744K [0x00000000d6f80000, 0x00000000d9880000, 0x0000000100000000)
  eden space 31744K, 100% used [0x00000000d6f80000,0x00000000d8e80000,0x00000000d8e80000)
  from space 5120K, 0% used [0x00000000d9380000,0x00000000d9380000,0x00000000d9880000)
  to   space 5120K, 0% used [0x00000000d8e80000,0x00000000d8e80000,0x00000000d9380000)
 ParOldGen       total 84992K, used 0K [0x0000000084e00000, 0x000000008a100000, 0x00000000d6f80000)
  object space 84992K, 0% used [0x0000000084e00000,0x0000000084e00000,0x000000008a100000)
 Metaspace       used 13777K, capacity 14154K, committed 14208K, reserved 1060864K
  class space    used 1747K, capacity 1880K, committed 1920K, reserved 1048576K
Event: 1.283 GC heap after
Heap after GC invocations=1 (full 0):
 PSYoungGen      total 36864K, used 4091K [0x00000000d6f80000, 0x00000000d9880000, 0x0000000100000000)
  eden space 31744K, 0% used [0x00000000d6f80000,0x00000000d6f80000,0x00000000d8e80000)
  from space 5120K, 79% used [0x00000000d8e80000,0x00000000d927ee40,0x00000000d9380000)
  to   space 5120K, 0% used [0x00000000d9380000,0x00000000d9380000,0x00000000d9880000)
 ParOldGen       total 84992K, used 80K [0x0000000084e00000, 0x000000008a100000, 0x00000000d6f80000)
  object space 84992K, 0% used [0x0000000084e00000,0x0000000084e14010,0x000000008a100000)
 Metaspace       used 13777K, capacity 14154K, committed 14208K, reserved 1060864K
  class space    used 1747K, capacity 1880K, committed 1920K, reserved 1048576K
}
Event: 3.793 GC heap before
{Heap before GC invocations=2 (full 0):
 PSYoungGen      total 36864K, used 35835K [0x00000000d6f80000, 0x00000000d9880000, 0x0000000100000000)
  eden space 31744K, 100% used [0x00000000d6f80000,0x00000000d8e80000,0x00000000d8e80000)
  from space 5120K, 79% used [0x00000000d8e80000,0x00000000d927ee40,0x00000000d9380000)
  to   space 5120K, 0% used [0x00000000d9380000,0x00000000d9380000,0x00000000d9880000)
 ParOldGen       total 84992K, used 80K [0x0000000084e00000, 0x000000008a100000, 0x00000000d6f80000)
  object space 84992K, 0% used [0x0000000084e00000,0x0000000084e14010,0x000000008a100000)
 Metaspace       used 17886K, capacity 18414K, committed 18560K, reserved 1064960K
  class space    used 2251K, capacity 2396K, committed 2432K, reserved 1048576K
Event: 3.801 GC heap after
Heap after GC invocations=2 (full 0):
 PSYoungGen      total 36864K, used 5105K [0x00000000d6f80000, 0x00000000d9880000, 0x0000000100000000)
  eden space 31744K, 0% used [0x00000000d6f80000,0x00000000d6f80000,0x00000000d8e80000)
  from space 5120K, 99% used [0x00000000d9380000,0x00000000d987c450,0x00000000d9880000)
  to   space 5120K, 0% used [0x00000000d8e80000,0x00000000d8e80000,0x00000000d9380000)
 ParOldGen       total 84992K, used 5379K [0x0000000084e00000, 0x000000008a100000, 0x00000000d6f80000)
  object space 84992K, 6% used [0x0000000084e00000,0x0000000085340c98,0x000000008a100000)
 Metaspace       used 17886K, capacity 18414K, committed 18560K, reserved 1064960K
  class space    used 2251K, capacity 2396K, committed 2432K, reserved 1048576K
}
Event: 51.198 GC heap before
{Heap before GC invocations=3 (full 0):
 PSYoungGen      total 36864K, used 25758K [0x00000000d6f80000, 0x00000000d9880000, 0x0000000100000000)
  eden space 31744K, 65% used [0x00000000d6f80000,0x00000000d83ab5b8,0x00000000d8e80000)
  from space 5120K, 99% used [0x00000000d9380000,0x00000000d987c450,0x00000000d9880000)
  to   space 5120K, 0% used [0x00000000d8e80000,0x00000000d8e80000,0x00000000d9380000)
 ParOldGen       total 84992K, used 5379K [0x0000000084e00000, 0x000000008a100000, 0x00000000d6f80000)
  object space 84992K, 6% used [0x0000000084e00000,0x0000000085340c98,0x000000008a100000)
 Metaspace       used 20380K, capacity 21248K, committed 21296K, reserved 1067008K
  class space    used 2678K, capacity 2907K, committed 2944K, reserved 1048576K
Event: 51.206 GC heap after
Heap after GC invocations=3 (full 0):
 PSYoungGen      total 36864K, used 5115K [0x00000000d6f80000, 0x00000000d9880000, 0x0000000100000000)
  eden space 31744K, 0% used [0x00000000d6f80000,0x00000000d6f80000,0x00000000d8e80000)
  from space 5120K, 99% used [0x00000000d8e80000,0x00000000d937ed80,0x00000000d9380000)
  to   space 5120K, 0% used [0x00000000d9380000,0x00000000d9380000,0x00000000d9880000)
 ParOldGen       total 84992K, used 9452K [0x0000000084e00000, 0x000000008a100000, 0x00000000d6f80000)
  object space 84992K, 11% used [0x0000000084e00000,0x000000008573b298,0x000000008a100000)
 Metaspace       used 20380K, capacity 21248K, committed 21296K, reserved 1067008K
  class space    used 2678K, capacity 2907K, committed 2944K, reserved 1048576K
}
Event: 51.206 GC heap before
{Heap before GC invocations=4 (full 1):
 PSYoungGen      total 36864K, used 5115K [0x00000000d6f80000, 0x00000000d9880000, 0x0000000100000000)
  eden space 31744K, 0% used [0x00000000d6f80000,0x00000000d6f80000,0x00000000d8e80000)
  from space 5120K, 99% used [0x00000000d8e80000,0x00000000d937ed80,0x00000000d9380000)
  to   space 5120K, 0% used [0x00000000d9380000,0x00000000d9380000,0x00000000d9880000)
 ParOldGen       total 84992K, used 9452K [0x0000000084e00000, 0x000000008a100000, 0x00000000d6f80000)
  object space 84992K, 11% used [0x0000000084e00000,0x000000008573b298,0x000000008a100000)
 Metaspace       used 20380K, capacity 21248K, committed 21296K, reserved 1067008K
  class space    used 2678K, capacity 2907K, committed 2944K, reserved 1048576K
Event: 51.262 GC heap after
Heap after GC invocations=4 (full 1):
 PSYoungGen      total 36864K, used 0K [0x00000000d6f80000, 0x00000000d9880000, 0x0000000100000000)
  eden space 31744K, 0% used [0x00000000d6f80000,0x00000000d6f80000,0x00000000d8e80000)
  from space 5120K, 0% used [0x00000000d8e80000,0x00000000d8e80000,0x00000000d9380000)
  to   space 5120K, 0% used [0x00000000d9380000,0x00000000d9380000,0x00000000d9880000)
 ParOldGen       total 52736K, used 14264K [0x0000000084e00000, 0x0000000088180000, 0x00000000d6f80000)
  object space 52736K, 27% used [0x0000000084e00000,0x0000000085bee2d0,0x0000000088180000)
 Metaspace       used 20380K, capacity 21248K, committed 21296K, reserved 1067008K
  class space    used 2678K, capacity 2907K, committed 2944K, reserved 1048576K
}

Deoptimization events (10 events):
Event: 3.833 Thread 0x0000000019a9c000 Uncommon trap: reason=bimorphic action=maybe_recompile pc=0x00000000034b2790 method=java.io.DataInputStream.readInt()I @ 4
Event: 3.833 Thread 0x0000000019a9c000 Uncommon trap: reason=bimorphic action=maybe_recompile pc=0x00000000034b2790 method=java.io.DataInputStream.readInt()I @ 4
Event: 3.833 Thread 0x0000000019a9c000 Uncommon trap: reason=bimorphic action=maybe_recompile pc=0x00000000034b2790 method=java.io.DataInputStream.readInt()I @ 4
Event: 3.833 Thread 0x0000000019a9c000 Uncommon trap: reason=bimorphic action=maybe_recompile pc=0x00000000034a264c method=java.io.DataInputStream.readChar()C @ 4
Event: 3.835 Thread 0x0000000019a9c000 Uncommon trap: reason=unstable_if action=reinterpret pc=0x00000000031a1a80 method=java.lang.CharacterData.of(I)Ljava/lang/CharacterData; @ 4
Event: 49.044 Thread 0x0000000019a9c000 Uncommon trap: reason=unstable_if action=reinterpret pc=0x00000000035c99e8 method=jdk.internal.org.objectweb.asm.Type.getArgumentsAndReturnSizes(Ljava/lang/String;)I @ 47
Event: 51.087 Thread 0x0000000019a9c000 Uncommon trap: reason=unstable_if action=reinterpret pc=0x00000000035cb588 method=java.util.HashMap.hash(Ljava/lang/Object;)I @ 1
Event: 51.156 Thread 0x0000000019a9c000 Uncommon trap: reason=unstable_if action=reinterpret pc=0x00000000037113ac method=java.lang.ClassLoader.checkName(Ljava/lang/String;)Z @ 20
Event: 57.639 Thread 0x0000000019a9c000 Uncommon trap: reason=unstable_if action=reinterpret pc=0x000000000385cc64 method=javafx.scene.Node.impl_intersectsBounds(Lcom/sun/javafx/geom/PickRay;)D @ 902
Event: 73.655 Thread 0x0000000019a9c000 Uncommon trap: reason=array_check action=maybe_recompile pc=0x00000000032d5e34 method=com.sun.javafx.css.SimpleSelector.applies(Ljavafx/css/Styleable;[Ljava/util/Set;I)Z @ 37

Classes redefined (0 events):
No events

Internal exceptions (10 events):
Event: 3.657 Thread 0x0000000019a9c000 Implicit null exception at 0x0000000003380daf to 0x0000000003380e19
Event: 3.874 Thread 0x0000000019a9c000 Exception <a 'java/io/FileNotFoundException'> (0x00000000d72acf88) thrown at [C:\re\workspace\8-2-build-windows-amd64-cygwin\jdk8u202\12323\hotspot\src\share\vm\prims\jni.cpp, line 710]
Event: 3.874 Thread 0x0000000019a9c000 Exception <a 'java/io/FileNotFoundException'> (0x00000000d72ae338) thrown at [C:\re\workspace\8-2-build-windows-amd64-cygwin\jdk8u202\12323\hotspot\src\share\vm\prims\jni.cpp, line 710]
Event: 3.875 Thread 0x0000000019a9c000 Exception <a 'java/io/FileNotFoundException'> (0x00000000d72b3ea8) thrown at [C:\re\workspace\8-2-build-windows-amd64-cygwin\jdk8u202\12323\hotspot\src\share\vm\prims\jni.cpp, line 710]
Event: 3.875 Thread 0x0000000019a9c000 Exception <a 'java/io/FileNotFoundException'> (0x00000000d72b51c8) thrown at [C:\re\workspace\8-2-build-windows-amd64-cygwin\jdk8u202\12323\hotspot\src\share\vm\prims\jni.cpp, line 710]
Event: 49.216 Thread 0x0000000019a9c000 Exception <a 'java/io/FileNotFoundException'> (0x00000000d7b008f0) thrown at [C:\re\workspace\8-2-build-windows-amd64-cygwin\jdk8u202\12323\hotspot\src\share\vm\prims\jni.cpp, line 710]
Event: 51.087 Thread 0x0000000019a9c000 Implicit null exception at 0x00000000035cb0bb to 0x00000000035cb56d
Event: 60.036 Thread 0x0000000019a9c000 Exception <a 'java/io/FileNotFoundException'> (0x00000000d79b5d58) thrown at [C:\re\workspace\8-2-build-windows-amd64-cygwin\jdk8u202\12323\hotspot\src\share\vm\prims\jni.cpp, line 710]
Event: 72.070 Thread 0x0000000019a9c000 Exception <a 'java/io/FileNotFoundException'> (0x00000000d8236d68) thrown at [C:\re\workspace\8-2-build-windows-amd64-cygwin\jdk8u202\12323\hotspot\src\share\vm\prims\jni.cpp, line 710]
Event: 81.152 Thread 0x0000000019271000 Exception <a 'java/lang/IllegalStateException'> (0x00000000d8b710f0) thrown at [C:\re\workspace\8-2-build-windows-amd64-cygwin\jdk8u202\12323\hotspot\src\share\vm\prims\jvm.cpp, line 1506]

Events (10 events):
Event: 81.172 Executing VM operation: RevokeBias
Event: 81.172 Executing VM operation: RevokeBias done
Event: 81.174 Executing VM operation: RevokeBias
Event: 81.174 Executing VM operation: RevokeBias done
Event: 81.175 Executing VM operation: RevokeBias
Event: 81.175 Executing VM operation: RevokeBias done
Event: 81.175 Executing VM operation: RevokeBias
Event: 81.176 Executing VM operation: RevokeBias done
Event: 81.176 Thread 0x0000000019275800 Thread exited: 0x0000000019275800
Event: 81.176 Executing VM operation: Exit


Dynamic libraries:
0x00007ff70d2d0000 - 0x00007ff70d307000 	C:\Program Files\Java\jdk1.8.0_202\bin\java.exe
0x00007ffd17d30000 - 0x00007ffd17f44000 	C:\Windows\SYSTEM32\ntdll.dll
0x00007ffd161c0000 - 0x00007ffd16282000 	C:\Windows\System32\KERNEL32.DLL
0x00007ffd15780000 - 0x00007ffd15b23000 	C:\Windows\System32\KERNELBASE.dll
0x00007ffd16110000 - 0x00007ffd161be000 	C:\Windows\System32\ADVAPI32.dll
0x00007ffd176c0000 - 0x00007ffd17767000 	C:\Windows\System32\msvcrt.dll
0x00007ffd17770000 - 0x00007ffd17814000 	C:\Windows\System32\sechost.dll
0x00007ffd16cc0000 - 0x00007ffd16dd7000 	C:\Windows\System32\RPCRT4.dll
0x00007ffd16290000 - 0x00007ffd1643b000 	C:\Windows\System32\USER32.dll
0x00007ffd156d0000 - 0x00007ffd156f6000 	C:\Windows\System32\win32u.dll
0x00007ffd16c90000 - 0x00007ffd16cb9000 	C:\Windows\System32\GDI32.dll
0x00007ffd15320000 - 0x00007ffd15438000 	C:\Windows\System32\gdi32full.dll
0x00007ffd151c0000 - 0x00007ffd1525a000 	C:\Windows\System32\msvcp_win.dll
0x00007ffd15440000 - 0x00007ffd15551000 	C:\Windows\System32\ucrtbase.dll
0x00007ffcfdec0000 - 0x00007ffcfe14e000 	C:\Windows\WinSxS\amd64_microsoft.windows.common-controls_6595b64144ccf1df_6.0.22621.1635_none_270f70857386168e\COMCTL32.dll
0x00007ffd16de0000 - 0x00007ffd16e11000 	C:\Windows\System32\IMM32.DLL
0x000000005f4e0000 - 0x000000005f5b2000 	C:\Program Files\Java\jdk1.8.0_202\jre\bin\msvcr100.dll
0x000000005ec30000 - 0x000000005f4d5000 	C:\Program Files\Java\jdk1.8.0_202\jre\bin\server\jvm.dll
0x00007ffd17040000 - 0x00007ffd17048000 	C:\Windows\System32\PSAPI.DLL
0x00007ffd11f10000 - 0x00007ffd11f19000 	C:\Windows\SYSTEM32\WSOCK32.dll
0x00007ffd15b30000 - 0x00007ffd15ba1000 	C:\Windows\System32\WS2_32.dll
0x00007ffd0d120000 - 0x00007ffd0d154000 	C:\Windows\SYSTEM32\WINMM.dll
0x00007ffd0cab0000 - 0x00007ffd0caba000 	C:\Windows\SYSTEM32\VERSION.dll
0x00007ffd0db50000 - 0x00007ffd0db5f000 	C:\Program Files\Java\jdk1.8.0_202\jre\bin\verify.dll
0x00007ffcf82e0000 - 0x00007ffcf8309000 	C:\Program Files\Java\jdk1.8.0_202\jre\bin\java.dll
0x00007ffcf6c40000 - 0x00007ffcf6c63000 	C:\Program Files\Java\jdk1.8.0_202\jre\bin\instrument.dll
0x00007ffd0d980000 - 0x00007ffd0d996000 	C:\Program Files\Java\jdk1.8.0_202\jre\bin\zip.dll
0x00007ffd16440000 - 0x00007ffd16c3a000 	C:\Windows\System32\SHELL32.dll
0x00007ffd13100000 - 0x00007ffd139ce000 	C:\Windows\SYSTEM32\windows.storage.dll
0x00007ffd170b0000 - 0x00007ffd17439000 	C:\Windows\System32\combase.dll
0x00007ffd12fc0000 - 0x00007ffd130fe000 	C:\Windows\SYSTEM32\wintypes.dll
0x00007ffd17a50000 - 0x00007ffd17b41000 	C:\Windows\System32\SHCORE.dll
0x00007ffd15c30000 - 0x00007ffd15c8e000 	C:\Windows\System32\shlwapi.dll
0x00007ffd15080000 - 0x00007ffd150a1000 	C:\Windows\SYSTEM32\profapi.dll
0x00007ffcf7550000 - 0x00007ffcf756a000 	C:\Program Files\JetBrains\IntelliJ IDEA Community Edition 2023.1.2\bin\breakgen64.dll
0x00007ffceebd0000 - 0x00007ffceebea000 	C:\Program Files\Java\jdk1.8.0_202\jre\bin\net.dll
0x00007ffcff650000 - 0x00007ffcff83f000 	C:\Windows\SYSTEM32\urlmon.dll
0x00007ffcff620000 - 0x00007ffcff648000 	C:\Windows\SYSTEM32\srvcli.dll
0x00007ffcff360000 - 0x00007ffcff611000 	C:\Windows\SYSTEM32\iertutil.dll
0x00007ffd13c20000 - 0x00007ffd13c2c000 	C:\Windows\SYSTEM32\netutils.dll
0x00007ffd14610000 - 0x00007ffd14679000 	C:\Windows\system32\mswsock.dll
0x0000000002ba0000 - 0x0000000002ba3000 	C:\Program Files\Java\jdk1.8.0_202\jre\bin\api-ms-win-core-console-l1-1-0.dll
0x0000000002bb0000 - 0x0000000002bb3000 	C:\Program Files\Java\jdk1.8.0_202\jre\bin\api-ms-win-core-datetime-l1-1-0.dll
0x0000000002bc0000 - 0x0000000002bc3000 	C:\Program Files\Java\jdk1.8.0_202\jre\bin\api-ms-win-core-debug-l1-1-0.dll
0x0000000002bd0000 - 0x0000000002bd3000 	C:\Program Files\Java\jdk1.8.0_202\jre\bin\api-ms-win-core-errorhandling-l1-1-0.dll
0x0000000002be0000 - 0x0000000002be4000 	C:\Program Files\Java\jdk1.8.0_202\jre\bin\api-ms-win-core-file-l1-1-0.dll
0x0000000002bf0000 - 0x0000000002bf3000 	C:\Program Files\Java\jdk1.8.0_202\jre\bin\api-ms-win-core-file-l1-2-0.dll
0x0000000002c00000 - 0x0000000002c03000 	C:\Program Files\Java\jdk1.8.0_202\jre\bin\api-ms-win-core-file-l2-1-0.dll
0x0000000002d20000 - 0x0000000002d23000 	C:\Program Files\Java\jdk1.8.0_202\jre\bin\api-ms-win-core-handle-l1-1-0.dll
0x0000000002d30000 - 0x0000000002d33000 	C:\Program Files\Java\jdk1.8.0_202\jre\bin\api-ms-win-core-heap-l1-1-0.dll
0x0000000002d40000 - 0x0000000002d43000 	C:\Program Files\Java\jdk1.8.0_202\jre\bin\api-ms-win-core-interlocked-l1-1-0.dll
0x0000000002d50000 - 0x0000000002d53000 	C:\Program Files\Java\jdk1.8.0_202\jre\bin\api-ms-win-core-libraryloader-l1-1-0.dll
0x0000000002d60000 - 0x0000000002d63000 	C:\Program Files\Java\jdk1.8.0_202\jre\bin\api-ms-win-core-localization-l1-2-0.dll
0x0000000002d70000 - 0x0000000002d73000 	C:\Program Files\Java\jdk1.8.0_202\jre\bin\api-ms-win-core-memory-l1-1-0.dll
0x0000000002d80000 - 0x0000000002d83000 	C:\Program Files\Java\jdk1.8.0_202\jre\bin\api-ms-win-core-namedpipe-l1-1-0.dll
0x0000000002d90000 - 0x0000000002d93000 	C:\Program Files\Java\jdk1.8.0_202\jre\bin\api-ms-win-core-processenvironment-l1-1-0.dll
0x0000000002da0000 - 0x0000000002da3000 	C:\Program Files\Java\jdk1.8.0_202\jre\bin\api-ms-win-core-processthreads-l1-1-0.dll
0x0000000002db0000 - 0x0000000002db3000 	C:\Program Files\Java\jdk1.8.0_202\jre\bin\api-ms-win-core-processthreads-l1-1-1.dll
0x0000000002dc0000 - 0x0000000002dc3000 	C:\Program Files\Java\jdk1.8.0_202\jre\bin\api-ms-win-core-profile-l1-1-0.dll
0x0000000002dd0000 - 0x0000000002dd3000 	C:\Program Files\Java\jdk1.8.0_202\jre\bin\api-ms-win-core-rtlsupport-l1-1-0.dll
0x0000000002de0000 - 0x0000000002de3000 	C:\Program Files\Java\jdk1.8.0_202\jre\bin\api-ms-win-core-string-l1-1-0.dll
0x0000000002df0000 - 0x0000000002df3000 	C:\Program Files\Java\jdk1.8.0_202\jre\bin\api-ms-win-core-synch-l1-1-0.dll
0x0000000002e00000 - 0x0000000002e03000 	C:\Program Files\Java\jdk1.8.0_202\jre\bin\api-ms-win-core-synch-l1-2-0.dll
0x000000001a1f0000 - 0x000000001a1f3000 	C:\Program Files\Java\jdk1.8.0_202\jre\bin\api-ms-win-core-sysinfo-l1-1-0.dll
0x000000001a200000 - 0x000000001a203000 	C:\Program Files\Java\jdk1.8.0_202\jre\bin\api-ms-win-core-timezone-l1-1-0.dll
0x000000001a210000 - 0x000000001a213000 	C:\Program Files\Java\jdk1.8.0_202\jre\bin\api-ms-win-core-util-l1-1-0.dll
0x000000001a220000 - 0x000000001a223000 	C:\Program Files\Java\jdk1.8.0_202\jre\bin\api-ms-win-crt-conio-l1-1-0.dll
0x000000001a230000 - 0x000000001a234000 	C:\Program Files\Java\jdk1.8.0_202\jre\bin\api-ms-win-crt-convert-l1-1-0.dll
0x000000001a240000 - 0x000000001a243000 	C:\Program Files\Java\jdk1.8.0_202\jre\bin\api-ms-win-crt-environment-l1-1-0.dll
0x000000001a250000 - 0x000000001a253000 	C:\Program Files\Java\jdk1.8.0_202\jre\bin\api-ms-win-crt-filesystem-l1-1-0.dll
0x000000001a260000 - 0x000000001a263000 	C:\Program Files\Java\jdk1.8.0_202\jre\bin\api-ms-win-crt-heap-l1-1-0.dll
0x000000001a270000 - 0x000000001a273000 	C:\Program Files\Java\jdk1.8.0_202\jre\bin\api-ms-win-crt-locale-l1-1-0.dll
0x000000001a280000 - 0x000000001a285000 	C:\Program Files\Java\jdk1.8.0_202\jre\bin\api-ms-win-crt-math-l1-1-0.dll
0x000000001a290000 - 0x000000001a295000 	C:\Program Files\Java\jdk1.8.0_202\jre\bin\api-ms-win-crt-multibyte-l1-1-0.dll
0x000000001a2a0000 - 0x000000001a2b0000 	C:\Program Files\Java\jdk1.8.0_202\jre\bin\api-ms-win-crt-private-l1-1-0.dll
0x000000001a2b0000 - 0x000000001a2b3000 	C:\Program Files\Java\jdk1.8.0_202\jre\bin\api-ms-win-crt-process-l1-1-0.dll
0x000000001a2c0000 - 0x000000001a2c4000 	C:\Program Files\Java\jdk1.8.0_202\jre\bin\api-ms-win-crt-runtime-l1-1-0.dll
0x000000001a2d0000 - 0x000000001a2d4000 	C:\Program Files\Java\jdk1.8.0_202\jre\bin\api-ms-win-crt-stdio-l1-1-0.dll
0x000000001a2e0000 - 0x000000001a2e4000 	C:\Program Files\Java\jdk1.8.0_202\jre\bin\api-ms-win-crt-string-l1-1-0.dll
0x000000001a2f0000 - 0x000000001a2f3000 	C:\Program Files\Java\jdk1.8.0_202\jre\bin\api-ms-win-crt-time-l1-1-0.dll
0x000000001a300000 - 0x000000001a303000 	C:\Program Files\Java\jdk1.8.0_202\jre\bin\api-ms-win-crt-utility-l1-1-0.dll
0x00007ffcd0d30000 - 0x00007ffcd0e26000 	C:\Program Files\Java\jdk1.8.0_202\jre\bin\ucrtbase.dll
0x00007ffceebb0000 - 0x00007ffceebc6000 	C:\Program Files\Java\jdk1.8.0_202\jre\bin\vcruntime140.dll
0x00007ffcd98d0000 - 0x00007ffcd996c000 	C:\Program Files\Java\jdk1.8.0_202\jre\bin\msvcp140.dll
0x00007ffce7db0000 - 0x00007ffce7e01000 	C:\Program Files\Java\jdk1.8.0_202\jre\bin\concrt140.dll
0x00007ffceeb80000 - 0x00007ffceeba3000 	C:\Program Files\Java\jdk1.8.0_202\jre\bin\prism_d3d.dll
0x00007ffcd0140000 - 0x00007ffcd02e9000 	C:\Windows\system32\d3d9.dll
0x00007ffd12590000 - 0x00007ffd125bb000 	C:\Windows\SYSTEM32\dwmapi.dll
0x00007ffd12420000 - 0x00007ffd12456000 	C:\Windows\SYSTEM32\dxcore.dll
0x00007ffd12330000 - 0x00007ffd123db000 	C:\Windows\system32\uxtheme.dll
0x00007ffd17b50000 - 0x00007ffd17cec000 	C:\Windows\System32\ole32.dll
0x00007ffd178d0000 - 0x00007ffd179a7000 	C:\Windows\System32\OLEAUT32.dll
0x00007ffd0fd40000 - 0x00007ffd0fd88000 	C:\Windows\SYSTEM32\directxdatabasehelper.dll
0x00007ffd14170000 - 0x00007ffd14188000 	C:\Windows\SYSTEM32\kernel.appcore.dll
0x00007ffcd9060000 - 0x00007ffcd90a9000 	C:\Program Files\Java\jdk1.8.0_202\jre\bin\glass.dll
0x00007ffd175c0000 - 0x00007ffd176b7000 	C:\Windows\System32\COMDLG32.dll
0x00007ffd174a0000 - 0x00007ffd175be000 	C:\Windows\System32\MSCTF.dll
0x00007ffd15700000 - 0x00007ffd1577b000 	C:\Windows\System32\bcryptPrimitives.dll
0x00007ffceeb60000 - 0x00007ffceeb74000 	C:\Program Files\Java\jdk1.8.0_202\jre\bin\javafx_font.dll
0x00007ffd10c60000 - 0x00007ffd10ec7000 	C:\Windows\SYSTEM32\dwrite.dll
0x00007ffd14870000 - 0x00007ffd1488b000 	C:\Windows\SYSTEM32\CRYPTSP.dll
0x00007ffd140e0000 - 0x00007ffd14115000 	C:\Windows\system32\rsaenh.dll
0x00007ffd14710000 - 0x00007ffd14738000 	C:\Windows\SYSTEM32\USERENV.dll
0x00007ffd14a30000 - 0x00007ffd14a58000 	C:\Windows\SYSTEM32\bcrypt.dll
0x00007ffd14890000 - 0x00007ffd1489c000 	C:\Windows\SYSTEM32\CRYPTBASE.dll
0x00007ffd13c30000 - 0x00007ffd13c5d000 	C:\Windows\SYSTEM32\IPHLPAPI.DLL
0x00007ffd16e20000 - 0x00007ffd16e29000 	C:\Windows\System32\NSI.dll
0x00007ffd0bd30000 - 0x00007ffd0bd49000 	C:\Windows\SYSTEM32\dhcpcsvc6.DLL
0x00007ffd0bcb0000 - 0x00007ffd0bccf000 	C:\Windows\SYSTEM32\dhcpcsvc.DLL
0x00007ffd13ca0000 - 0x00007ffd13d93000 	C:\Windows\SYSTEM32\DNSAPI.dll
0x00007ffceeac0000 - 0x00007ffceead2000 	C:\Program Files\Java\jdk1.8.0_202\jre\bin\nio.dll
0x00007ffce2360000 - 0x00007ffce2384000 	C:\Program Files\Java\jdk1.8.0_202\jre\bin\sunec.dll
0x00007ffd0db40000 - 0x00007ffd0db4b000 	C:\Program Files\Java\jdk1.8.0_202\jre\bin\sunmscapi.dll
0x00007ffd15560000 - 0x00007ffd156c7000 	C:\Windows\System32\CRYPT32.dll
0x000000005f5e0000 - 0x000000005f606000 	C:\Program Files\Bonjour\mdnsNSP.dll
0x00007ffcf8b90000 - 0x00007ffcf8b9a000 	C:\Windows\System32\rasadhlp.dll
0x00007ffd0aed0000 - 0x00007ffd0af54000 	C:\Windows\System32\fwpuclnt.dll
0x00007ffd17820000 - 0x00007ffd178d0000 	C:\Windows\System32\clbcatq.dll
0x00007ffd10ab0000 - 0x00007ffd10c60000 	C:\Windows\SYSTEM32\WindowsCodecs.dll
0x00007ffcf8ba0000 - 0x00007ffcf8bfe000 	C:\Windows\system32\dataexchange.dll
0x00007ffd0e7a0000 - 0x00007ffd0ea17000 	C:\Windows\system32\twinapi.appcore.dll
0x00007ffcdab30000 - 0x00007ffcdab62000 	C:\Program Files\Common Files\Microsoft Shared\Ink\rtscom.dll
0x00007ffd0c210000 - 0x00007ffd0c33d000 	C:\Windows\SYSTEM32\textinputframework.dll
0x00007ffd11d80000 - 0x00007ffd11eb3000 	C:\Windows\SYSTEM32\CoreMessaging.dll
0x00007ffd0f6b0000 - 0x00007ffd0fa1c000 	C:\Windows\SYSTEM32\CoreUIComponents.dll
0x00007ffcfa480000 - 0x00007ffcfa4e9000 	C:\Windows\system32\Oleacc.dll
0x00007ffcdabe0000 - 0x00007ffcdac06000 	C:\Program Files\Java\jdk1.8.0_202\jre\bin\javafx_iio.dll
0x00007ffd10ed0000 - 0x00007ffd11491000 	C:\Windows\SYSTEM32\d2d1.dll

VM Arguments:
jvm_args: -javaagent:C:\Program Files\JetBrains\IntelliJ IDEA Community Edition 2023.1.2\lib\idea_rt.jar=55199:C:\Program Files\JetBrains\IntelliJ IDEA Community Edition 2023.1.2\bin -Dfile.encoding=UTF-8 
java_command: com.arboretum.MainApp
java_class_path (initial): C:\Program Files\Java\jdk1.8.0_202\jre\lib\charsets.jar;C:\Program Files\Java\jdk1.8.0_202\jre\lib\deploy.jar;C:\Program Files\Java\jdk1.8.0_202\jre\lib\ext\access-bridge-64.jar;C:\Program Files\Java\jdk1.8.0_202\jre\lib\ext\cldrdata.jar;C:\Program Files\Java\jdk1.8.0_202\jre\lib\ext\dnsns.jar;C:\Program Files\Java\jdk1.8.0_202\jre\lib\ext\jaccess.jar;C:\Program Files\Java\jdk1.8.0_202\jre\lib\ext\jfxrt.jar;C:\Program Files\Java\jdk1.8.0_202\jre\lib\ext\localedata.jar;C:\Program Files\Java\jdk1.8.0_202\jre\lib\ext\nashorn.jar;C:\Program Files\Java\jdk1.8.0_202\jre\lib\ext\sunec.jar;C:\Program Files\Java\jdk1.8.0_202\jre\lib\ext\sunjce_provider.jar;C:\Program Files\Java\jdk1.8.0_202\jre\lib\ext\sunmscapi.jar;C:\Program Files\Java\jdk1.8.0_202\jre\lib\ext\sunpkcs11.jar;C:\Program Files\Java\jdk1.8.0_202\jre\lib\ext\zipfs.jar;C:\Program Files\Java\jdk1.8.0_202\jre\lib\javaws.jar;C:\Program Files\Java\jdk1.8.0_202\jre\lib\jce.jar;C:\Program Files\Java\jdk1.8.0_202\jre\lib\jfr.jar;C:\Program Files\Java\jdk1.8.0_202\jre\lib\jfxswt.jar;C:\Program Files\Java\jdk1.8.0_202\jre\lib\jsse.jar;C:\Program Files\Java\jdk1.8.0_202\jre\lib\management-agent.jar;C:\Program Files\Java\jdk1.8.0_202\jre\lib\plugin.jar;C:\Program Files\Java\jdk1.8.0_202\jre\lib\resources.jar;C:\Program Files\Java\jdk1.8.0_202\jre\lib\rt.jar;C:\Users\JOCSAN\Desktop\Redes\target\classes;C:\Users\JOCSAN\.m2\repository\de\jensd\fontawesomefx\8.9\fontawesomefx-8.9.jar;C:\Users\JOCSAN\.m2\repository\org\controlsfx\controlsfx\8.40.11\controlsfx-8.40.11.jar;C:\Users\JOCSAN\.m2\repository\com\jfoenix\jfoenix\8.0.9\jfoenix-8.0.9.jar;C:\Users\JOCSAN\.m2\repository\org\kordamp\ikonli\ikonli-javafx\2.4.0\ikonli-javafx-2.4.0.jar;C:\Users\JOCSAN\.m2\repository\org\kordamp\ikonli\ikonli-core\2.4.0\ikonli-core-2.4.0.jar;C:\Users\JOCSAN\.m2\repository\org\kordamp\ikonli\ikonli-fontawesome-pack\2.4.0\ikonli-fontawesome-pack-2.4.0.jar;C:\Users\JOCSAN\.m2\repository\io\github\typhon0\AnimateFX\1.2.
Launcher Type: SUN_STANDARD

Environment Variables:
PATH=C:\Program Files (x86)\Common Files\Oracle\Java\javapath;C:\Windows\system32;C:\Windows;C:\Windows\System32\Wbem;C:\Windows\System32\WindowsPowerShell\v1.0\;C:\Windows\System32\OpenSSH\;C:\Program Files\Git\cmd;C:\Program Files\dotnet\;C:\Program Files\nodejs\;C:\Users\JOCSAN\.console-ninja\.bin;C:\Users\JOCSAN\AppData\Local\Programs\Python\Python311\Scripts\;C:\Users\JOCSAN\AppData\Local\Programs\Python\Python311\;C:\Users\JOCSAN\AppData\Local\Microsoft\WindowsApps;;C:\Users\JOCSAN\AppData\Local\Programs\Microsoft VS Code\bin;C:\Users\JOCSAN\AppData\Roaming\npm
USERNAME=JOCSAN
OS=Windows_NT
PROCESSOR_IDENTIFIER=Intel64 Family 6 Model 126 Stepping 5, GenuineIntel



---------------  S Y S T E M  ---------------

OS: Windows 10.0 , 64 bit Build 22621 (10.0.22621.1635)

CPU:total 4 (initial active 4) (2 cores per cpu, 2 threads per core) family 6 model 126 stepping 5, cmov, cx8, fxsr, mmx, sse, sse2, sse3, ssse3, sse4.1, sse4.2, popcnt, avx, avx2, aes, clmul, erms, 3dnowpref, lzcnt, ht, tsc, tscinvbit, bmi1, bmi2, adx

Memory: 4k page, physical 8069036k(1800532k free), swap 13385452k(2364184k free)

vm_info: Java HotSpot(TM) 64-Bit Server VM (25.202-b08) for windows-amd64 JRE (1.8.0_202-b08), built on Dec 15 2018 19:54:30 by "java_re" with MS VC++ 10.0 (VS2010)

time: Sat Jun 10 21:09:24 2023
timezone: Hora estándar, América Central
elapsed time: 81 seconds (0d 0h 1m 21s)

